This is pdfTeX, Version 3.141592653-2.6-1.40.26 (MiKTeX 24.4) (preloaded format=pdflatex 2025.2.26)  28 FEB 2025 14:20
entering extended mode
 restricted \write18 enabled.
 %&-line parsing enabled.
**./teamdogwood.tex
(teamdogwood.tex
LaTeX2e <2024-06-01> patch level 2
L3 programming layer <2024-05-27>
(sphinxmanual.cls
Document Class: sphinxmanual 2019/12/01 v2.3.0 Document class (Sphinx manual)
(C:\Users\ifebr\AppData\Local\Programs\MiKTeX\tex/latex/base\report.cls
Document Class: report 2024/02/08 v1.4n Standard LaTeX document class
(C:\Users\ifebr\AppData\Local\Programs\MiKTeX\tex/latex/base\size10.clo
File: size10.clo 2024/02/08 v1.4n Standard LaTeX file (size option)
)
\c@part=\count194
\c@chapter=\count195
\c@section=\count196
\c@subsection=\count197
\c@subsubsection=\count198
\c@paragraph=\count199
\c@subparagraph=\count266
\c@figure=\count267
\c@table=\count268
\abovecaptionskip=\skip49
\belowcaptionskip=\skip50
\bibindent=\dimen141
)
LaTeX Info: Redefining \and on input line 35.
)
(C:\Users\ifebr\AppData\Local\Programs\MiKTeX\tex/latex/base\inputenc.sty
Package: inputenc 2024/02/08 v1.3d Input encoding file
\inpenc@prehook=\toks17
\inpenc@posthook=\toks18
)
   defining Unicode char U+00A0 (decimal 160)
   defining Unicode char U+2500 (decimal 9472)
   defining Unicode char U+2502 (decimal 9474)
   defining Unicode char U+2514 (decimal 9492)
   defining Unicode char U+251C (decimal 9500)
   defining Unicode char U+2572 (decimal 9586)

(C:\Users\ifebr\AppData\Local\Programs\MiKTeX\tex/latex/cmap\cmap.sty
Package: cmap 2021/02/06 v1.0j CMap support: searchable PDF
)
(C:\Users\ifebr\AppData\Local\Programs\MiKTeX\tex/latex/base\fontenc.sty
Package: fontenc 2021/04/29 v2.0v Standard LaTeX package
<<t1.cmap>>)
(C:\Users\ifebr\AppData\Local\Programs\MiKTeX\tex/latex/amsmath\amsmath.sty
Package: amsmath 2024/05/23 v2.17q AMS math features
\@mathmargin=\skip51

For additional information on amsmath, use the `?' option.
(C:\Users\ifebr\AppData\Local\Programs\MiKTeX\tex/latex/amsmath\amstext.sty
Package: amstext 2021/08/26 v2.01 AMS text

(C:\Users\ifebr\AppData\Local\Programs\MiKTeX\tex/latex/amsmath\amsgen.sty
File: amsgen.sty 1999/11/30 v2.0 generic functions
\@emptytoks=\toks19
\ex@=\dimen142
))
(C:\Users\ifebr\AppData\Local\Programs\MiKTeX\tex/latex/amsmath\amsbsy.sty
Package: amsbsy 1999/11/29 v1.2d Bold Symbols
\pmbraise@=\dimen143
)
(C:\Users\ifebr\AppData\Local\Programs\MiKTeX\tex/latex/amsmath\amsopn.sty
Package: amsopn 2022/04/08 v2.04 operator names
)
\inf@bad=\count269
LaTeX Info: Redefining \frac on input line 233.
\uproot@=\count270
\leftroot@=\count271
LaTeX Info: Redefining \overline on input line 398.
LaTeX Info: Redefining \colon on input line 409.
\classnum@=\count272
\DOTSCASE@=\count273
LaTeX Info: Redefining \ldots on input line 495.
LaTeX Info: Redefining \dots on input line 498.
LaTeX Info: Redefining \cdots on input line 619.
\Mathstrutbox@=\box52
\strutbox@=\box53
LaTeX Info: Redefining \big on input line 721.
LaTeX Info: Redefining \Big on input line 722.
LaTeX Info: Redefining \bigg on input line 723.
LaTeX Info: Redefining \Bigg on input line 724.
\big@size=\dimen144
LaTeX Font Info:    Redeclaring font encoding OML on input line 742.
LaTeX Font Info:    Redeclaring font encoding OMS on input line 743.
\macc@depth=\count274
LaTeX Info: Redefining \bmod on input line 904.
LaTeX Info: Redefining \pmod on input line 909.
LaTeX Info: Redefining \smash on input line 939.
LaTeX Info: Redefining \relbar on input line 969.
LaTeX Info: Redefining \Relbar on input line 970.
\c@MaxMatrixCols=\count275
\dotsspace@=\muskip17
\c@parentequation=\count276
\dspbrk@lvl=\count277
\tag@help=\toks20
\row@=\count278
\column@=\count279
\maxfields@=\count280
\andhelp@=\toks21
\eqnshift@=\dimen145
\alignsep@=\dimen146
\tagshift@=\dimen147
\tagwidth@=\dimen148
\totwidth@=\dimen149
\lineht@=\dimen150
\@envbody=\toks22
\multlinegap=\skip52
\multlinetaggap=\skip53
\mathdisplay@stack=\toks23
LaTeX Info: Redefining \[ on input line 2953.
LaTeX Info: Redefining \] on input line 2954.
)
(C:\Users\ifebr\AppData\Local\Programs\MiKTeX\tex/latex/amsfonts\amssymb.sty
Package: amssymb 2013/01/14 v3.01 AMS font symbols

(C:\Users\ifebr\AppData\Local\Programs\MiKTeX\tex/latex/amsfonts\amsfonts.sty
Package: amsfonts 2013/01/14 v3.01 Basic AMSFonts support
\symAMSa=\mathgroup4
\symAMSb=\mathgroup5
LaTeX Font Info:    Redeclaring math symbol \hbar on input line 98.
LaTeX Font Info:    Overwriting math alphabet `\mathfrak' in version `bold'
(Font)                  U/euf/m/n --> U/euf/b/n on input line 106.
)) (C:\Users\ifebr\AppData\Local\Programs\MiKTeX\tex/generic/babel\babel.sty
Package: babel 2024/06/26 v24.7 The Babel package
\babel@savecnt=\count281
\U@D=\dimen151
\l@unhyphenated=\language79

(C:\Users\ifebr\AppData\Local\Programs\MiKTeX\tex/generic/babel\txtbabel.def)
\bbl@readstream=\read2
\bbl@dirlevel=\count282

*************************************
* Local config file bblopts.cfg used
*
(C:\Users\ifebr\AppData\Local\Programs\MiKTeX\tex/latex/arabi\bblopts.cfg
File: bblopts.cfg 2005/09/08 v0.1 add Arabic and Farsi to "declared" options of
 babel
)
(C:\Users\ifebr\AppData\Local\Programs\MiKTeX\tex/latex/babel-english\english.l
df
Language: english 2017/06/06 v3.3r English support from the babel system
Package babel Info: Hyphen rules for 'canadian' set to \l@english
(babel)             (\language0). Reported on input line 102.
Package babel Info: Hyphen rules for 'australian' set to \l@ukenglish
(babel)             (\language73). Reported on input line 105.
Package babel Info: Hyphen rules for 'newzealand' set to \l@ukenglish
(babel)             (\language73). Reported on input line 108.
))
(C:\Users\ifebr\AppData\Local\Programs\MiKTeX\tex/generic/babel/locale/en\babel
-english.tex
Package babel Info: Importing font and identification data for english
(babel)             from babel-en.ini. Reported on input line 11.
)
(C:\Users\ifebr\AppData\Local\Programs\MiKTeX\tex/latex/tex-gyre\tgtermes.sty
Package: tgtermes 2009/09/27 v1.2 TeX Gyre Termes as default roman family

(C:\Users\ifebr\AppData\Local\Programs\MiKTeX\tex/latex/kvoptions\kvoptions.sty
Package: kvoptions 2022-06-15 v3.15 Key value format for package options (HO)
(C:\Users\ifebr\AppData\Local\Programs\MiKTeX\tex/latex/graphics\keyval.sty
Package: keyval 2022/05/29 v1.15 key=value parser (DPC)
\KV@toks@=\toks24
)
(C:\Users\ifebr\AppData\Local\Programs\MiKTeX\tex/generic/ltxcmds\ltxcmds.sty
Package: ltxcmds 2023-12-04 v1.26 LaTeX kernel commands for general use (HO)
)
(C:\Users\ifebr\AppData\Local\Programs\MiKTeX\tex/latex/kvsetkeys\kvsetkeys.sty
Package: kvsetkeys 2022-10-05 v1.19 Key value parser (HO)
)))
(C:\Users\ifebr\AppData\Local\Programs\MiKTeX\tex/latex/tex-gyre\tgheros.sty
Package: tgheros 2009/09/27 v1.2 TeX Gyre Heros as default sans serif family
)
(C:\Users\ifebr\AppData\Local\Programs\MiKTeX\tex/latex/fncychap\fncychap.sty
Package: fncychap 2007/07/30 v1.34 LaTeX package (Revised chapters)
\RW=\skip54
\mylen=\skip55
\myhi=\skip56
\px=\skip57
\py=\skip58
\pyy=\skip59
\pxx=\skip60
\c@AlphaCnt=\count283
\c@AlphaDecCnt=\count284
)
(sphinx.sty
Package: sphinx 2024/11/23 v8.2.0 Sphinx LaTeX package (sphinx-doc)

(C:\Users\ifebr\AppData\Local\Programs\MiKTeX\tex/latex/xcolor\xcolor.sty
Package: xcolor 2023/11/15 v3.01 LaTeX color extensions (UK)

(C:\Users\ifebr\AppData\Local\Programs\MiKTeX\tex/latex/graphics-cfg\color.cfg
File: color.cfg 2016/01/02 v1.6 sample color configuration
)
Package xcolor Info: Driver file: pdftex.def on input line 274.

(C:\Users\ifebr\AppData\Local\Programs\MiKTeX\tex/latex/graphics-def\pdftex.def
File: pdftex.def 2024/04/13 v1.2c Graphics/color driver for pdftex
)
(C:\Users\ifebr\AppData\Local\Programs\MiKTeX\tex/latex/graphics\mathcolor.ltx)
Package xcolor Info: Model `cmy' substituted by `cmy0' on input line 1350.
Package xcolor Info: Model `hsb' substituted by `rgb' on input line 1354.
Package xcolor Info: Model `RGB' extended on input line 1366.
Package xcolor Info: Model `HTML' substituted by `rgb' on input line 1368.
Package xcolor Info: Model `Hsb' substituted by `hsb' on input line 1369.
Package xcolor Info: Model `tHsb' substituted by `hsb' on input line 1370.
Package xcolor Info: Model `HSB' substituted by `hsb' on input line 1371.
Package xcolor Info: Model `Gray' substituted by `gray' on input line 1372.
Package xcolor Info: Model `wave' substituted by `hsb' on input line 1373.
) (sphinxoptionshyperref.sty
Package: sphinxoptionshyperref 2021/01/27 hyperref
) (sphinxoptionsgeometry.sty
Package: sphinxoptionsgeometry 2021/01/27 geometry
)
(C:\Users\ifebr\AppData\Local\Programs\MiKTeX\tex/latex/base\textcomp.sty
Package: textcomp 2024/04/24 v2.1b Standard LaTeX package
)
(C:\Users\ifebr\AppData\Local\Programs\MiKTeX\tex/latex/float\float.sty
Package: float 2001/11/08 v1.3d Float enhancements (AL)
\c@float@type=\count285
\float@exts=\toks25
\float@box=\box54
\@float@everytoks=\toks26
\@floatcapt=\box55
)
(C:\Users\ifebr\AppData\Local\Programs\MiKTeX\tex/latex/wrapfig\wrapfig.sty
\wrapoverhang=\dimen152
\WF@size=\dimen153
\c@WF@wrappedlines=\count286
\WF@box=\box56
\WF@everypar=\toks27
Package: wrapfig 2003/01/31  v 3.6
)
(C:\Users\ifebr\AppData\Local\Programs\MiKTeX\tex/latex/capt-of\capt-of.sty
Package: capt-of 2009/12/29 v0.2 standard captions outside of floats
)
(C:\Users\ifebr\AppData\Local\Programs\MiKTeX\tex/latex/tools\multicol.sty
Package: multicol 2024/05/23 v1.9h multicolumn formatting (FMi)
\c@tracingmulticols=\count287
\mult@box=\box57
\multicol@leftmargin=\dimen154
\c@unbalance=\count288
\c@collectmore=\count289
\doublecol@number=\count290
\multicoltolerance=\count291
\multicolpretolerance=\count292
\full@width=\dimen155
\page@free=\dimen156
\premulticols=\dimen157
\postmulticols=\dimen158
\multicolsep=\skip61
\multicolbaselineskip=\skip62
\partial@page=\box58
\last@line=\box59
\mc@boxedresult=\box60
\maxbalancingoverflow=\dimen159
\mult@rightbox=\box61
\mult@grightbox=\box62
\mult@firstbox=\box63
\mult@gfirstbox=\box64
\@tempa=\box65
\@tempa=\box66
\@tempa=\box67
\@tempa=\box68
\@tempa=\box69
\@tempa=\box70
\@tempa=\box71
\@tempa=\box72
\@tempa=\box73
\@tempa=\box74
\@tempa=\box75
\@tempa=\box76
\@tempa=\box77
\@tempa=\box78
\@tempa=\box79
\@tempa=\box80
\@tempa=\box81
\@tempa=\box82
\@tempa=\box83
\@tempa=\box84
\@tempa=\box85
\@tempa=\box86
\@tempa=\box87
\@tempa=\box88
\@tempa=\box89
\@tempa=\box90
\@tempa=\box91
\@tempa=\box92
\@tempa=\box93
\@tempa=\box94
\@tempa=\box95
\@tempa=\box96
\@tempa=\box97
\@tempa=\box98
\@tempa=\box99
\@tempa=\box100
\c@minrows=\count293
\c@columnbadness=\count294
\c@finalcolumnbadness=\count295
\last@try=\dimen160
\multicolovershoot=\dimen161
\multicolundershoot=\dimen162
\mult@nat@firstbox=\box101
\colbreak@box=\box102
\mc@col@check@num=\count296
)
(C:\Users\ifebr\AppData\Local\Programs\MiKTeX\tex/latex/graphics\graphicx.sty
Package: graphicx 2021/09/16 v1.2d Enhanced LaTeX Graphics (DPC,SPQR)

(C:\Users\ifebr\AppData\Local\Programs\MiKTeX\tex/latex/graphics\graphics.sty
Package: graphics 2024/05/23 v1.4g Standard LaTeX Graphics (DPC,SPQR)

(C:\Users\ifebr\AppData\Local\Programs\MiKTeX\tex/latex/graphics\trig.sty
Package: trig 2023/12/02 v1.11 sin cos tan (DPC)
)
(C:\Users\ifebr\AppData\Local\Programs\MiKTeX\tex/latex/graphics-cfg\graphics.c
fg
File: graphics.cfg 2016/06/04 v1.11 sample graphics configuration
)
Package graphics Info: Driver file: pdftex.def on input line 106.
)
\Gin@req@height=\dimen163
\Gin@req@width=\dimen164
) (sphinxlatexgraphics.sty
Package: sphinxlatexgraphics 2024/08/13 v8.1.0 graphics
\spx@image@maxheight=\dimen165
\spx@image@box=\box103
) (sphinxpackageboxes.sty
Package: sphinxpackageboxes 2024/07/01 v7.4.0 advanced colored boxes

(C:\Users\ifebr\AppData\Local\Programs\MiKTeX\tex/latex/pict2e\pict2e.sty
Package: pict2e 2020/09/30 v0.4b Improved picture commands (HjG,RN,JT)

(C:\Users\ifebr\AppData\Local\Programs\MiKTeX\tex/latex/pict2e\pict2e.cfg
File: pict2e.cfg 2016/02/05 v0.1u pict2e configuration for teTeX/TeXLive
)
Package pict2e Info: Driver file: pdftex.def on input line 112.
Package pict2e Info: Driver file for pict2e: p2e-pdftex.def on input line 114.

(C:\Users\ifebr\AppData\Local\Programs\MiKTeX\tex/latex/pict2e\p2e-pdftex.def
File: p2e-pdftex.def 2016/02/05 v0.1u Driver-dependant file (RN,HjG,JT)
)
\pIIe@GRAPH=\toks28
\@arclen=\dimen166
\@arcrad=\dimen167
\pIIe@tempdima=\dimen168
\pIIe@tempdimb=\dimen169
\pIIe@tempdimc=\dimen170
\pIIe@tempdimd=\dimen171
\pIIe@tempdime=\dimen172
\pIIe@tempdimf=\dimen173
) (C:\Users\ifebr\AppData\Local\Programs\MiKTeX\tex/latex/ellipse\ellipse.sty
Package: ellipse 2004/11/05 v1.0 .dtx ellipse file
)
\@tempdimd=\dimen174
\spx@tempboxa=\box104
\spx@tempboxb=\box105
\spx@boxes@border@top=\dimen175
\spx@boxes@border@right=\dimen176
\spx@boxes@border@bottom=\dimen177
\spx@boxes@border@left=\dimen178
\spx@boxes@padding@top=\dimen179
\spx@boxes@padding@right=\dimen180
\spx@boxes@padding@bottom=\dimen181
\spx@boxes@padding@left=\dimen182
\spx@boxes@shadow@xoffset=\dimen183
\spx@boxes@shadow@yoffset=\dimen184
\spx@boxes@radius@topleft@x=\dimen185
\spx@boxes@radius@topright@x=\dimen186
\spx@boxes@radius@bottomright@x=\dimen187
\spx@boxes@radius@bottomleft@x=\dimen188
\spx@boxes@radius@topleft@y=\dimen189
\spx@boxes@radius@topright@y=\dimen190
\spx@boxes@radius@bottomright@y=\dimen191
\spx@boxes@radius@bottomleft@y=\dimen192
)
(sphinxlatexadmonitions.sty
Package: sphinxlatexadmonitions 2024/10/11 v8.1.1 admonitions

(C:\Users\ifebr\AppData\Local\Programs\MiKTeX\tex/latex/framed\framed.sty
Package: framed 2011/10/22 v 0.96: framed or shaded text with page breaks
\OuterFrameSep=\skip63
\fb@frw=\dimen193
\fb@frh=\dimen194
\FrameRule=\dimen195
\FrameSep=\dimen196
)
(sphinxpackagefootnote.sty
Package: sphinxpackagefootnote 2024/05/17 v7.3.x Sphinx custom footnotehyper pa
ckage (Sphinx team)
\FNH@notes=\box106
\FNH@toks=\toks29
\FNH@width=\dimen197
\c@sphinxfootnotemark=\count297
)
\spx@notice@border=\dimen198
\c@sphinxtodo=\count298
) (sphinxlatexliterals.sty
Package: sphinxlatexliterals 2024/07/01 v7.4.0 code-blocks and parsed literals

(C:\Users\ifebr\AppData\Local\Programs\MiKTeX\tex/latex/fancyvrb\fancyvrb.sty
Package: fancyvrb 2024/01/20 4.5c verbatim text (tvz,hv)
\FV@CodeLineNo=\count299
\FV@InFile=\read3
\FV@TabBox=\box107
\c@FancyVerbLine=\count300
\FV@StepNumber=\count301
\FV@OutFile=\write3
)
(C:\Users\ifebr\AppData\Local\Programs\MiKTeX\tex/latex/base\alltt.sty
Package: alltt 2024/02/08 v2.0g defines alltt environment
)
(C:\Users\ifebr\AppData\Local\Programs\MiKTeX\tex/latex/upquote\upquote.sty
Package: upquote 2012/04/19 v1.3 upright-quote and grave-accent glyphs in verba
tim
)
(C:\Users\ifebr\AppData\Local\Programs\MiKTeX\tex/latex/needspace\needspace.sty
Package: needspace 2010/09/12 v1.3d reserve vertical space
)
\sphinxcontinuationbox=\box108
\sphinxvisiblespacebox=\box109
\sphinxVerbatim@TitleBox=\box110
\sphinxVerbatim@ContentsBox=\box111
) (sphinxlatexshadowbox.sty
Package: sphinxlatexshadowbox 2024/07/28 v8.1.0 sphinxShadowBox
) (sphinxlatexcontainers.sty
Package: sphinxlatexcontainers 2021/05/03 containers
) (sphinxhighlight.sty
Package: sphinxhighlight 2022/06/30 stylesheet for highlighting with pygments
) (sphinxlatextables.sty
Package: sphinxlatextables 2024/07/01 v7.4.0 tables

(C:\Users\ifebr\AppData\Local\Programs\MiKTeX\tex/latex/tabulary\tabulary.sty
Package: tabulary 2024/06/04 v0.11 tabulary package (DPC)

(C:\Users\ifebr\AppData\Local\Programs\MiKTeX\tex/latex/tools\array.sty
Package: array 2024/06/14 v2.6d Tabular extension package (FMi)
\col@sep=\dimen199
\ar@mcellbox=\box112
\extrarowheight=\dimen256
\NC@list=\toks30
\extratabsurround=\skip64
\backup@length=\skip65
\ar@cellbox=\box113
)
\TY@count=\count302
\TY@linewidth=\dimen257
\tymin=\dimen258
\tymax=\dimen259
\TY@tablewidth=\dimen260
)
(C:\Users\ifebr\AppData\Local\Programs\MiKTeX\tex/latex/tools\longtable.sty
Package: longtable 2024-04-26 v4.20 Multi-page Table package (DPC)
\LTleft=\skip66
\LTright=\skip67
\LTpre=\skip68
\LTpost=\skip69
\LTchunksize=\count303
\LTcapwidth=\dimen261
\LT@head=\box114
\LT@firsthead=\box115
\LT@foot=\box116
\LT@lastfoot=\box117
\LT@gbox=\box118
\LT@cols=\count304
\LT@rows=\count305
\c@LT@tables=\count306
\c@LT@chunks=\count307
\LT@p@ftn=\toks31
)
(C:\Users\ifebr\AppData\Local\Programs\MiKTeX\tex/latex/varwidth\varwidth.sty
Package: varwidth 2009/03/30 ver 0.92;  Variable-width minipages
\@vwid@box=\box119
\sift@deathcycles=\count308
\@vwid@loff=\dimen262
\@vwid@roff=\dimen263
)
\sphinx@TY@tablewidth=\dimen264

(C:\Users\ifebr\AppData\Local\Programs\MiKTeX\tex/latex/colortbl\colortbl.sty
Package: colortbl 2024/07/06 v1.0i Color table columns (DPC)
\everycr=\toks32
\minrowclearance=\skip70
\rownum=\count309
)
(C:\Users\ifebr\AppData\Local\Programs\MiKTeX\tex/latex/booktabs\booktabs.sty
Package: booktabs 2020/01/12 v1.61803398 Publication quality tables
\heavyrulewidth=\dimen265
\lightrulewidth=\dimen266
\cmidrulewidth=\dimen267
\belowrulesep=\dimen268
\belowbottomsep=\dimen269
\aboverulesep=\dimen270
\abovetopsep=\dimen271
\cmidrulesep=\dimen272
\cmidrulekern=\dimen273
\defaultaddspace=\dimen274
\@cmidla=\count310
\@cmidlb=\count311
\@aboverulesep=\dimen275
\@belowrulesep=\dimen276
\@thisruleclass=\count312
\@lastruleclass=\count313
\@thisrulewidth=\dimen277
)) (sphinxlatexnumfig.sty
Package: sphinxlatexnumfig 2024/07/31 v8.1.0 numbering
) (sphinxlatexlists.sty
Package: sphinxlatexlists 2021/12/20 lists
\spx@lineitemlabel=\toks33
)
\c@sphinxscope=\count314
 (sphinxlatexindbibtoc.sty
Package: sphinxlatexindbibtoc 2021/01/27 index, bib., toc

(C:\Users\ifebr\AppData\Local\Programs\MiKTeX\tex/latex/base\makeidx.sty
Package: makeidx 2021/10/04 v1.0m Standard LaTeX package
))
(sphinxlatexstylepage.sty
Package: sphinxlatexstylepage 2021/01/27 page styling

(C:\Users\ifebr\AppData\Local\Programs\MiKTeX\tex/latex/parskip\parskip.sty
Package: parskip 2021-03-14 v2.0h non-zero parskip adjustments

(C:\Users\ifebr\AppData\Local\Programs\MiKTeX\tex/latex/etoolbox\etoolbox.sty
Package: etoolbox 2020/10/05 v2.5k e-TeX tools for LaTeX (JAW)
\etb@tempcnta=\count315
)) (C:\Users\ifebr\AppData\Local\Programs\MiKTeX\tex/latex/fancyhdr\fancyhdr.st
y
Package: fancyhdr 2025/02/07 v5.2 Extensive control of page headers and footers

\f@nch@headwidth=\skip71
\f@nch@offset@elh=\skip72
\f@nch@offset@erh=\skip73
\f@nch@offset@olh=\skip74
\f@nch@offset@orh=\skip75
\f@nch@offset@elf=\skip76
\f@nch@offset@erf=\skip77
\f@nch@offset@olf=\skip78
\f@nch@offset@orf=\skip79
\f@nch@height=\skip80
\f@nch@footalignment=\skip81
\f@nch@widthL=\skip82
\f@nch@widthC=\skip83
\f@nch@widthR=\skip84
\@temptokenb=\toks34
)) (sphinxlatexstyleheadings.sty
Package: sphinxlatexstyleheadings 2023/02/11 headings

(C:\Users\ifebr\AppData\Local\Programs\MiKTeX\tex/latex/titlesec\titlesec.sty
Package: titlesec 2025/01/04 v2.17 Sectioning titles
\ttl@box=\box120
\beforetitleunit=\skip85
\aftertitleunit=\skip86
\ttl@plus=\dimen278
\ttl@minus=\dimen279
\ttl@toksa=\toks35
\titlewidth=\dimen280
\titlewidthlast=\dimen281
\titlewidthfirst=\dimen282
)) (sphinxlatexstyletext.sty
Package: sphinxlatexstyletext 2024/07/28 v8.1.0 text styling
) (sphinxlatexobjects.sty
Package: sphinxlatexobjects 2025/02/11 documentation environments
\sphinxsignaturesep=\skip87
\sphinxsignaturelistskip=\skip88
\py@argswidth=\skip89
\lineblockindentation=\skip90
\DUlineblockindent=\skip91
))
(C:\Users\ifebr\AppData\Local\Programs\MiKTeX\tex/latex/geometry\geometry.sty
Package: geometry 2020/01/02 v5.9 Page Geometry

(C:\Users\ifebr\AppData\Local\Programs\MiKTeX\tex/generic/iftex\ifvtex.sty
Package: ifvtex 2019/10/25 v1.7 ifvtex legacy package. Use iftex instead.

(C:\Users\ifebr\AppData\Local\Programs\MiKTeX\tex/generic/iftex\iftex.sty
Package: iftex 2022/02/03 v1.0f TeX engine tests
))
\Gm@cnth=\count316
\Gm@cntv=\count317
\c@Gm@tempcnt=\count318
\Gm@bindingoffset=\dimen283
\Gm@wd@mp=\dimen284
\Gm@odd@mp=\dimen285
\Gm@even@mp=\dimen286
\Gm@layoutwidth=\dimen287
\Gm@layoutheight=\dimen288
\Gm@layouthoffset=\dimen289
\Gm@layoutvoffset=\dimen290
\Gm@dimlist=\toks36

(C:\Users\ifebr\AppData\Local\Programs\MiKTeX\tex/latex/geometry\geometry.cfg))
(C:\Users\ifebr\AppData\Local\Programs\MiKTeX\tex/latex/hyperref\hyperref.sty
Package: hyperref 2024-07-10 v7.01j Hypertext links for LaTeX

(C:\Users\ifebr\AppData\Local\Programs\MiKTeX\tex/generic/kvdefinekeys\kvdefine
keys.sty
Package: kvdefinekeys 2019-12-19 v1.6 Define keys (HO)
)
(C:\Users\ifebr\AppData\Local\Programs\MiKTeX\tex/generic/pdfescape\pdfescape.s
ty
Package: pdfescape 2019/12/09 v1.15 Implements pdfTeX's escape features (HO)

(C:\Users\ifebr\AppData\Local\Programs\MiKTeX\tex/generic/pdftexcmds\pdftexcmds
.sty
Package: pdftexcmds 2020-06-27 v0.33 Utility functions of pdfTeX for LuaTeX (HO
)

(C:\Users\ifebr\AppData\Local\Programs\MiKTeX\tex/generic/infwarerr\infwarerr.s
ty
Package: infwarerr 2019/12/03 v1.5 Providing info/warning/error messages (HO)
)
Package pdftexcmds Info: \pdf@primitive is available.
Package pdftexcmds Info: \pdf@ifprimitive is available.
Package pdftexcmds Info: \pdfdraftmode found.
))
(C:\Users\ifebr\AppData\Local\Programs\MiKTeX\tex/latex/hycolor\hycolor.sty
Package: hycolor 2020-01-27 v1.10 Color options for hyperref/bookmark (HO)
)
(C:\Users\ifebr\AppData\Local\Programs\MiKTeX\tex/latex/hyperref\nameref.sty
Package: nameref 2023-11-26 v2.56 Cross-referencing by name of section

(C:\Users\ifebr\AppData\Local\Programs\MiKTeX\tex/latex/refcount\refcount.sty
Package: refcount 2019/12/15 v3.6 Data extraction from label references (HO)
)
(C:\Users\ifebr\AppData\Local\Programs\MiKTeX\tex/generic/gettitlestring\gettit
lestring.sty
Package: gettitlestring 2019/12/15 v1.6 Cleanup title references (HO)
)
\c@section@level=\count319
)
(C:\Users\ifebr\AppData\Local\Programs\MiKTeX\tex/generic/stringenc\stringenc.s
ty
Package: stringenc 2019/11/29 v1.12 Convert strings between diff. encodings (HO
)
)
\@linkdim=\dimen291
\Hy@linkcounter=\count320
\Hy@pagecounter=\count321
 (C:\Users\ifebr\AppData\Local\Programs\MiKTeX\tex/latex/hyperref\pd1enc.def
File: pd1enc.def 2024-07-10 v7.01j Hyperref: PDFDocEncoding definition (HO)
Now handling font encoding PD1 ...
... no UTF-8 mapping file for font encoding PD1
) (C:\Users\ifebr\AppData\Local\Programs\MiKTeX\tex/generic/intcalc\intcalc.sty
Package: intcalc 2019/12/15 v1.3 Expandable calculations with integers (HO)
)
\Hy@SavedSpaceFactor=\count322
 (C:\Users\ifebr\AppData\Local\Programs\MiKTeX\tex/latex/hyperref\puenc.def
File: puenc.def 2024-07-10 v7.01j Hyperref: PDF Unicode definition (HO)
Now handling font encoding PU ...
... no UTF-8 mapping file for font encoding PU
)
Package hyperref Info: Option `unicode' set `true' on input line 4040.
Package hyperref Info: Option `colorlinks' set `true' on input line 4040.
Package hyperref Info: Option `breaklinks' set `true' on input line 4040.
Package hyperref Info: Hyper figures OFF on input line 4157.
Package hyperref Info: Link nesting OFF on input line 4162.
Package hyperref Info: Hyper index ON on input line 4165.
Package hyperref Info: Plain pages OFF on input line 4172.
Package hyperref Info: Backreferencing OFF on input line 4177.
Package hyperref Info: Implicit mode ON; LaTeX internals redefined.
Package hyperref Info: Bookmarks ON on input line 4424.
\c@Hy@tempcnt=\count323

(C:\Users\ifebr\AppData\Local\Programs\MiKTeX\tex/latex/url\url.sty
\Urlmuskip=\muskip18
Package: url 2013/09/16  ver 3.4  Verb mode for urls, etc.
)
LaTeX Info: Redefining \url on input line 4763.
\XeTeXLinkMargin=\dimen292

(C:\Users\ifebr\AppData\Local\Programs\MiKTeX\tex/generic/bitset\bitset.sty
Package: bitset 2019/12/09 v1.3 Handle bit-vector datatype (HO)

(C:\Users\ifebr\AppData\Local\Programs\MiKTeX\tex/generic/bigintcalc\bigintcalc
.sty
Package: bigintcalc 2019/12/15 v1.5 Expandable calculations on big integers (HO
)
))
\Fld@menulength=\count324
\Field@Width=\dimen293
\Fld@charsize=\dimen294
Package hyperref Info: Hyper figures OFF on input line 6042.
Package hyperref Info: Link nesting OFF on input line 6047.
Package hyperref Info: Hyper index ON on input line 6050.
Package hyperref Info: backreferencing OFF on input line 6057.
Package hyperref Info: Link coloring ON on input line 6060.
Package hyperref Info: Link coloring with OCG OFF on input line 6067.
Package hyperref Info: PDF/A mode OFF on input line 6072.

(C:\Users\ifebr\AppData\Local\Programs\MiKTeX\tex/latex/base\atbegshi-ltx.sty
Package: atbegshi-ltx 2021/01/10 v1.0c Emulation of the original atbegshi
package with kernel methods
)
\Hy@abspage=\count325
\c@Item=\count326
\c@Hfootnote=\count327
)
Package hyperref Info: Driver (autodetected): hpdftex.
(C:\Users\ifebr\AppData\Local\Programs\MiKTeX\tex/latex/hyperref\hpdftex.def
File: hpdftex.def 2024-07-10 v7.01j Hyperref driver for pdfTeX

(C:\Users\ifebr\AppData\Local\Programs\MiKTeX\tex/latex/base\atveryend-ltx.sty
Package: atveryend-ltx 2020/08/19 v1.0a Emulation of the original atveryend pac
kage
with kernel methods
)
\Fld@listcount=\count328
\c@bookmark@seq@number=\count329

(C:\Users\ifebr\AppData\Local\Programs\MiKTeX\tex/latex/rerunfilecheck\rerunfil
echeck.sty
Package: rerunfilecheck 2022-07-10 v1.10 Rerun checks for auxiliary files (HO)

(C:\Users\ifebr\AppData\Local\Programs\MiKTeX\tex/generic/uniquecounter\uniquec
ounter.sty
Package: uniquecounter 2019/12/15 v1.4 Provide unlimited unique counter (HO)
)
Package uniquecounter Info: New unique counter `rerunfilecheck' on input line 2
85.
)
\Hy@SectionHShift=\skip92
)
(C:\Users\ifebr\AppData\Local\Programs\MiKTeX\tex/latex/oberdiek\hypcap.sty
Package: hypcap 2016/05/16 v1.12 Adjusting the anchors of captions (HO)

(C:\Users\ifebr\AppData\Local\Programs\MiKTeX\tex/latex/letltxmacro\letltxmacro
.sty
Package: letltxmacro 2019/12/03 v1.6 Let assignment for LaTeX macros (HO)
)) (sphinxmessages.sty
Package: sphinxmessages 2019/01/04 v2.0 Localized LaTeX macros (Sphinx team)
)
\@indexfile=\write4
\openout4 = `teamdogwood.idx'.


Writing index file teamdogwood.idx
LaTeX Font Info:    Trying to load font information for T1+qtm on input line 73
.
(C:\Users\ifebr\AppData\Local\Programs\MiKTeX\tex/latex/tex-gyre\t1qtm.fd
File: t1qtm.fd 2009/09/25 v1.2 font definition file for T1/qtm
)
(C:\Users\ifebr\AppData\Local\Programs\MiKTeX\tex/latex/l3backend\l3backend-pdf
tex.def
File: l3backend-pdftex.def 2024-05-08 L3 backend support: PDF output (pdfTeX)
\l__color_backend_stack_int=\count330
\l__pdf_internal_box=\box121
) (teamdogwood.aux)
\openout1 = `teamdogwood.aux'.

LaTeX Font Info:    Checking defaults for OML/cmm/m/it on input line 73.
LaTeX Font Info:    ... okay on input line 73.
LaTeX Font Info:    Checking defaults for OMS/cmsy/m/n on input line 73.
LaTeX Font Info:    ... okay on input line 73.
LaTeX Font Info:    Checking defaults for OT1/cmr/m/n on input line 73.
LaTeX Font Info:    ... okay on input line 73.
LaTeX Font Info:    Checking defaults for T1/cmr/m/n on input line 73.
LaTeX Font Info:    ... okay on input line 73.
LaTeX Font Info:    Checking defaults for TS1/cmr/m/n on input line 73.
LaTeX Font Info:    ... okay on input line 73.
LaTeX Font Info:    Checking defaults for OMX/cmex/m/n on input line 73.
LaTeX Font Info:    ... okay on input line 73.
LaTeX Font Info:    Checking defaults for U/cmr/m/n on input line 73.
LaTeX Font Info:    ... okay on input line 73.
LaTeX Font Info:    Checking defaults for PD1/pdf/m/n on input line 73.
LaTeX Font Info:    ... okay on input line 73.
LaTeX Font Info:    Checking defaults for PU/pdf/m/n on input line 73.
LaTeX Font Info:    ... okay on input line 73.

(C:\Users\ifebr\AppData\Local\Programs\MiKTeX\tex/context/base/mkii\supp-pdf.mk
ii
[Loading MPS to PDF converter (version 2006.09.02).]
\scratchcounter=\count331
\scratchdimen=\dimen295
\scratchbox=\box122
\nofMPsegments=\count332
\nofMParguments=\count333
\everyMPshowfont=\toks37
\MPscratchCnt=\count334
\MPscratchDim=\dimen296
\MPnumerator=\count335
\makeMPintoPDFobject=\count336
\everyMPtoPDFconversion=\toks38
)
(C:\Users\ifebr\AppData\Local\Programs\MiKTeX\tex/latex/epstopdf-pkg\epstopdf-b
ase.sty
Package: epstopdf-base 2020-01-24 v2.11 Base part for package epstopdf
Package epstopdf-base Info: Redefining graphics rule for `.eps' on input line 4
85.

(C:\Users\ifebr\AppData\Local\Programs\MiKTeX\tex/latex/00miktex\epstopdf-sys.c
fg
File: epstopdf-sys.cfg 2021/03/18 v2.0 Configuration of epstopdf for MiKTeX
))
(C:\Users\ifebr\AppData\Local\Programs\MiKTeX\tex/latex/fontawesome5\fontawesom
e5.sty
(C:\Users\ifebr\AppData\Local\Programs\MiKTeX\tex/latex/l3kernel\expl3.sty
Package: expl3 2024-05-27 L3 programming layer (loader) 
)
Package: fontawesome5 2022/05/02 v5.15.4 Font Awesome 5

(C:\Users\ifebr\AppData\Local\Programs\MiKTeX\tex/latex/l3packages/l3keys2e\l3k
eys2e.sty
Package: l3keys2e 2024-05-08 LaTeX2e option processing using LaTeX3 keys
)
(C:\Users\ifebr\AppData\Local\Programs\MiKTeX\tex/latex/l3packages/xparse\xpars
e.sty
Package: xparse 2024-05-08 L3 Experimental document command parser
)
(C:\Users\ifebr\AppData\Local\Programs\MiKTeX\tex/latex/fontawesome5\fontawesom
e5-generic-helper.sty
Package: fontawesome5-generic-helper 2022/05/02 v5.15.4 non-uTeX helper for fon
tawesome5

(C:\Users\ifebr\AppData\Local\Programs\MiKTeX\tex/latex/fontawesome5\fontawesom
e5-mapping.def)))
\c@literalblock=\count337

*geometry* driver: auto-detecting
*geometry* detected driver: pdftex
*geometry* verbose mode - [ preamble ] result:
* driver: pdftex
* paper: letterpaper
* layout: <same size as paper>
* layoutoffset:(h,v)=(0.0pt,0.0pt)
* modes: twoside 
* h-part:(L,W,R)=(72.26999pt, 469.75502pt, 72.26999pt)
* v-part:(T,H,B)=(72.26999pt, 650.43001pt, 72.26999pt)
* \paperwidth=614.295pt
* \paperheight=794.96999pt
* \textwidth=469.75502pt
* \textheight=650.43001pt
* \oddsidemargin=0.0pt
* \evensidemargin=0.0pt
* \topmargin=-37.0pt
* \headheight=12.0pt
* \headsep=25.0pt
* \topskip=10.0pt
* \footskip=30.0pt
* \marginparwidth=36.135pt
* \marginparsep=11.0pt
* \columnsep=10.0pt
* \skip\footins=9.0pt plus 4.0pt minus 2.0pt
* \hoffset=0.0pt
* \voffset=0.0pt
* \mag=1000
* \@twocolumnfalse
* \@twosidetrue
* \@mparswitchtrue
* \@reversemarginfalse
* (1in=72.27pt=25.4mm, 1cm=28.453pt)

Package hyperref Info: Link coloring ON on input line 73.
(teamdogwood.out) (teamdogwood.out)
\@outlinefile=\write5
\openout5 = `teamdogwood.out'.

Package hyperref Info: Option `pageanchor' set `false' on input line 81.
LaTeX Font Info:    Trying to load font information for T1+qhv on input line 81
.

(C:\Users\ifebr\AppData\Local\Programs\MiKTeX\tex/latex/tex-gyre\t1qhv.fd
File: t1qhv.fd 2009/09/25 v1.2 font definition file for T1/qhv
)<<ot1.cmap>><<oml.cmap>><<oms.cmap>><<omx.cmap>>
LaTeX Font Info:    Trying to load font information for U+msa on input line 81.


(C:\Users\ifebr\AppData\Local\Programs\MiKTeX\tex/latex/amsfonts\umsa.fd
File: umsa.fd 2013/01/14 v3.01 AMS symbols A
)
LaTeX Font Info:    Trying to load font information for U+msb on input line 81.


(C:\Users\ifebr\AppData\Local\Programs\MiKTeX\tex/latex/amsfonts\umsb.fd
File: umsb.fd 2013/01/14 v3.01 AMS symbols B
)

[1

{C:/Users/ifebr/AppData/Local/MiKTeX/fonts/map/pdftex/pdftex.map}{C:/Users/ifeb
r/AppData/Local/Programs/MiKTeX/fonts/enc/dvips/tex-gyre/q-ec.enc}]

[2


] (teamdogwood.toc)
\tf@toc=\write6
\openout6 = `teamdogwood.toc'.



[1

]

[2

]
LaTeX Font Info:    Trying to load font information for U+fontawesomefree1 on i
nput line 91.

(C:\Users\ifebr\AppData\Local\Programs\MiKTeX\tex/latex/fontawesome5\ufontaweso
mefree1.fd)
LaTeX Font Info:    Trying to load font information for T1+txtt on input line 9
3.

(C:\Users\ifebr\AppData\Local\Programs\MiKTeX\tex/latex/txfonts\t1txtt.fd
File: t1txtt.fd 2000/12/15 v3.1
)

[1{C:/Users/ifebr/AppData/Local/Programs/MiKTeX/fonts/enc/dvips/fontawesome5/fa
5free1.enc}]

[2

]
Chapter 1.


[3]

[4

]
Chapter 2.
LaTeX Font Info:    Trying to load font information for TS1+qtm on input line 1
54.
(C:\Users\ifebr\AppData\Local\Programs\MiKTeX\tex/latex/tex-gyre\ts1qtm.fd
File: ts1qtm.fd 2009/09/25 v1.2 font definition file for TS1/qtm
)

[5{C:/Users/ifebr/AppData/Local/Programs/MiKTeX/fonts/enc/dvips/tex-gyre/q-ts1.
enc}]

[6

]
Chapter 3.


[7]
LaTeX Font Info:    Font shape `T1/txtt/b/n' in size <10> not available
(Font)              Font shape `T1/txtt/bx/n' tried instead on input line 275.
LaTeX Font Info:    Font shape `T1/txtt/m/it' in size <10> not available
(Font)              Font shape `T1/txtt/m/sl' tried instead on input line 290.


[8]

[9{C:/Users/ifebr/AppData/Local/Programs/MiKTeX/fonts/enc/dvips/tex-gyre/q-ec-s
c.enc}]
LaTeX Font Info:    Trying to load font information for TS1+txtt on input line 
559.

(C:\Users\ifebr\AppData\Local\Programs\MiKTeX\tex/latex/txfonts\ts1txtt.fd
File: ts1txtt.fd 2000/12/15 v3.1
)

[10]

[11]

[12]

[13]

[14]

[15]

[16]

[17]
LaTeX Font Info:    Font shape `T1/txtt/b/it' in size <10> not available
(Font)              Font shape `T1/txtt/bx/it' tried instead on input line 1.
LaTeX Font Info:    Font shape `T1/txtt/bx/it' in size <10> not available
(Font)              Font shape `T1/txtt/bx/sl' tried instead on input line 1.


[18]

[19]

[20]

[21]

[22]
Chapter 4.


[23

]

[24

]



[25


] (teamdogwood.ind

[26


]
Underfull \hbox (badness 10000) in paragraph at lines 8--10
[]\T1/txtt/m/n/10 __enter__() \T1/qtm/m/n/10 (\T1/qtm/m/it/10 src.database.post
gres.PostgreSQLDB
 []


Underfull \hbox (badness 10000) in paragraph at lines 10--12
[]\T1/txtt/m/n/10 __exit__() \T1/qtm/m/n/10 (\T1/qtm/m/it/10 src.database.postg
res.PostgreSQLDB
 []


Underfull \hbox (badness 10000) in paragraph at lines 12--14
[]\T1/txtt/m/n/10 _company_name_in_result()
 []


Overfull \hbox (1.42245pt too wide) in paragraph at lines 12--14
\T1/qtm/m/n/10 (\T1/qtm/m/it/10 src.esg_reports.validate.SearchResultValidator
 []


Overfull \hbox (8.91222pt too wide) in paragraph at lines 14--16
[]\T1/txtt/m/n/10 _conn_postgres() \T1/qtm/m/n/10 (\T1/qtm/m/it/10 src.database
.postgres.PostgreSQLDB
 []


Underfull \hbox (badness 10000) in paragraph at lines 16--18
[]\T1/txtt/m/n/10 _conn_postgres_psycopg2()
 []


Underfull \hbox (badness 10000) in paragraph at lines 16--18
\T1/qtm/m/n/10 (\T1/qtm/m/it/10 src.database.postgres.PostgreSQLDB static
 []


Underfull \hbox (badness 10000) in paragraph at lines 18--20
[]\T1/txtt/m/n/10 _format_google_results()
 []


Underfull \hbox (badness 10000) in paragraph at lines 20--22
[]\T1/txtt/m/n/10 _keywords_in_result()
 []


Overfull \hbox (1.42245pt too wide) in paragraph at lines 20--22
\T1/qtm/m/n/10 (\T1/qtm/m/it/10 src.esg_reports.validate.SearchResultValidator
 []


Overfull \hbox (52.3422pt too wide) in paragraph at lines 24--26
[]\T1/txtt/m/n/10 _year_in_result() \T1/qtm/m/n/10 (\T1/qtm/m/it/10 src.esg_rep
orts.validate.SearchResultValidator
 []


Overfull \hbox (57.59218pt too wide) in paragraph at lines 29--31
[]\T1/txtt/m/n/10 clean_company_name \T1/qtm/m/n/10 (\T1/qtm/m/it/10 src.esg_re
ports.validate.SearchResultValidator
 []


Underfull \hbox (badness 10000) in paragraph at lines 44--46
[]\T1/txtt/m/n/10 delete_csr_report()
 []


Underfull \hbox (badness 10000) in paragraph at lines 44--46
\T1/qtm/m/n/10 (\T1/qtm/m/it/10 src.database.postgres.PostgreSQLDB
 []




Underfull \hbox (badness 10000) in paragraph at lines 53--54
[]\T1/txtt/m/n/10 execute() \T1/qtm/m/n/10 (\T1/qtm/m/it/10 src.database.postgr
es.PostgreSQLDB
 []


Underfull \hbox (badness 10000) in paragraph at lines 57--59
[]\T1/txtt/m/n/10 get_csr_report_by_id()
 []


Underfull \hbox (badness 10000) in paragraph at lines 57--59
\T1/qtm/m/n/10 (\T1/qtm/m/it/10 src.database.postgres.PostgreSQLDB
 []


Underfull \hbox (badness 10000) in paragraph at lines 59--61
[]\T1/txtt/m/n/10 get_csr_reports_by_company()
 []


Underfull \hbox (badness 10000) in paragraph at lines 59--61
\T1/qtm/m/n/10 (\T1/qtm/m/it/10 src.database.postgres.PostgreSQLDB
 []


Underfull \hbox (badness 10000) in paragraph at lines 65--67
[]\T1/txtt/m/n/10 list_files_by_company()
 []


Underfull \hbox (badness 10000) in paragraph at lines 71--73
[]\T1/txtt/m/n/10 model_post_init() \T1/qtm/m/n/10 (\T1/qtm/m/it/10 src.esg_rep
orts.search.Search
 []


Overfull \hbox (52.3422pt too wide) in paragraph at lines 73--75
[]\T1/txtt/m/n/10 model_post_init() \T1/qtm/m/n/10 (\T1/qtm/m/it/10 src.esg_rep
orts.validate.SearchResultValidator
 []



[27

]
Overfull \hbox (36.59224pt too wide) in paragraph at lines 93--95
[]\T1/txtt/m/n/10 search_results \T1/qtm/m/n/10 (\T1/qtm/m/it/10 src.esg_report
s.validate.SearchResultValidator
 []


Underfull \hbox (badness 10000) in paragraph at lines 96--98
[]\T1/txtt/m/n/10 SearchResultValidator \T1/qtm/m/n/10 (\T1/qtm/m/it/10 class i
n
 []


Underfull \hbox (badness 10000) in paragraph at lines 99--100
[]\T1/txtt/m/n/10 session \T1/qtm/m/n/10 (\T1/qtm/m/it/10 src.database.postgres
.PostgreSQLDB prop-
 []


Overfull \hbox (19.41219pt too wide) in paragraph at lines 114--116
[]\T1/txtt/m/n/10 store_csr_report() \T1/qtm/m/n/10 (\T1/qtm/m/it/10 src.databa
se.postgres.PostgreSQLDB
 []


Underfull \hbox (badness 10000) in paragraph at lines 116--118
[]\T1/txtt/m/n/10 sustainability_reports_dot_com()
 []


Underfull \hbox (badness 10000) in paragraph at lines 116--118
\T1/qtm/m/n/10 (\T1/qtm/m/it/10 src.esg_reports.search.Search method\T1/qtm/m/n
/10 ),
 []


Underfull \hbox (badness 10000) in paragraph at lines 121--123
[]\T1/txtt/m/n/10 update_csr_report()
 []


Underfull \hbox (badness 10000) in paragraph at lines 121--123
\T1/qtm/m/n/10 (\T1/qtm/m/it/10 src.database.postgres.PostgreSQLDB
 []


Underfull \hbox (badness 10000) in paragraph at lines 123--125
[]\T1/txtt/m/n/10 upload_pdf() \T1/qtm/m/n/10 (\T1/qtm/m/it/10 src.database.min
io.MinioFileSystem
 []


Overfull \hbox (52.3422pt too wide) in paragraph at lines 128--130
[]\T1/txtt/m/n/10 validated_results \T1/qtm/m/n/10 (\T1/qtm/m/it/10 src.esg_rep
orts.validate.SearchResultValidator
 []


Underfull \hbox (badness 10000) in paragraph at lines 130--131
[]\T1/txtt/m/n/10 view_pdf() \T1/qtm/m/n/10 (\T1/qtm/m/it/10 src.database.minio
.MinioFileSystem
 []


Overfull \hbox (9.70222pt too wide) in paragraph at lines 134--136
[]\T1/txtt/m/n/10 write_pdf_bytes() \T1/qtm/m/n/10 (\T1/qtm/m/it/10 src.databas
e.minio.MinioFileSystem
 []





[28

]) (teamdogwood.aux)
 ***********
LaTeX2e <2024-06-01> patch level 2
L3 programming layer <2024-05-27>
 ***********
Package rerunfilecheck Info: File `teamdogwood.out' has not changed.
(rerunfilecheck)             Checksum: 0BEDEA019CD085BA127E958D24969A95;3252.
 ) 
Here is how much of TeX's memory you used:
 20405 strings out of 473904
 372449 string characters out of 5726600
 1972908 words of memory out of 5000000
 42750 multiletter control sequences out of 15000+600000
 614260 words of font info for 83 fonts, out of 8000000 for 9000
 1142 hyphenation exceptions out of 8191
 72i,12n,82p,6717b,826s stack positions out of 10000i,1000n,20000p,200000b,200000s
<C:/Users/ifebr/AppData/Local/Programs/MiKTeX/fonts/type1/public/fontawesome5
/FontAwesome5Free-Solid.pfb><C:/Users/ifebr/AppData/Local/Programs/MiKTeX/fonts
/type1/public/amsfonts/cm/cmmi5.pfb><C:/Users/ifebr/AppData/Local/Programs/MiKT
eX/fonts/type1/public/amsfonts/cm/cmsy10.pfb><C:/Users/ifebr/AppData/Local/Prog
rams/MiKTeX/fonts/type1/public/amsfonts/cm/cmsy5.pfb><C:/Users/ifebr/AppData/Lo
cal/Programs/MiKTeX/fonts/type1/public/tex-gyre/qhvb.pfb><C:/Users/ifebr/AppDat
a/Local/Programs/MiKTeX/fonts/type1/public/tex-gyre/qhvbi.pfb><C:/Users/ifebr/A
ppData/Local/Programs/MiKTeX/fonts/type1/public/tex-gyre/qhvr.pfb><C:/Users/ife
br/AppData/Local/Programs/MiKTeX/fonts/type1/public/tex-gyre/qtmb.pfb><C:/Users
/ifebr/AppData/Local/Programs/MiKTeX/fonts/type1/public/tex-gyre/qtmr.pfb><C:/U
sers/ifebr/AppData/Local/Programs/MiKTeX/fonts/type1/public/tex-gyre/qtmri.pfb>
<C:/Users/ifebr/AppData/Local/Programs/MiKTeX/fonts/type1/public/txfonts/t1xbtt
.pfb><C:/Users/ifebr/AppData/Local/Programs/MiKTeX/fonts/type1/public/txfonts/t
1xbtt.pfb><C:/Users/ifebr/AppData/Local/Programs/MiKTeX/fonts/type1/public/txfo
nts/t1xtt.pfb><C:/Users/ifebr/AppData/Local/Programs/MiKTeX/fonts/type1/public/
txfonts/t1xtt.pfb><C:/Users/ifebr/AppData/Local/Programs/MiKTeX/fonts/type1/pub
lic/txfonts/tcxtt.pfb>
Output written on teamdogwood.pdf (32 pages, 318242 bytes).
PDF statistics:
 485 PDF objects out of 1000 (max. 8388607)
 104 named destinations out of 1000 (max. 500000)
 197 words of extra memory for PDF output out of 10000 (max. 10000000)

