\BOOKMARK [0][-]{chapter.1}{\376\377\000I\000n\000s\000t\000a\000l\000l\000a\000t\000i\000o\000n\000\040\000G\000u\000i\000d\000e}{}% 1
\BOOKMARK [0][-]{chapter.2}{\376\377\000P\000r\000o\000j\000e\000c\000t\000\040\000S\000t\000r\000u\000c\000t\000u\000r\000e}{}% 2
\BOOKMARK [0][-]{chapter.3}{\376\377\000A\000P\000I\000\040\000R\000e\000f\000e\000r\000e\000n\000c\000e}{}% 3
\BOOKMARK [1][-]{section.3.1}{\376\377\000s\000r\000c}{chapter.3}% 4
\BOOKMARK [2][-]{subsection.3.1.1}{\376\377\000s\000r\000c\000\040\000P\000a\000c\000k\000a\000g\000e\000s}{section.3.1}% 5
\BOOKMARK [3][-]{subsubsection*.3}{\376\377\000D\000a\000t\000a\000\040\000M\000o\000d\000e\000l\000s\000\040\000P\000a\000c\000k\000a\000g\000e}{subsection.3.1.1}% 6
\BOOKMARK [4][-]{paragraph*.4}{\376\377\000D\000a\000t\000a\000\040\000M\000o\000d\000e\000l\000s\000\040\000M\000o\000d\000u\000l\000e}{subsubsection*.3}% 7
\BOOKMARK [3][-]{subsubsection*.8}{\376\377\000D\000a\000t\000a\000b\000a\000s\000e\000\040\000P\000a\000c\000k\000a\000g\000e}{subsection.3.1.1}% 8
\BOOKMARK [4][-]{paragraph*.9}{\376\377\000D\000a\000t\000a\000b\000a\000s\000e\000\040\000M\000i\000n\000i\000o\000\040\000M\000o\000d\000u\000l\000e}{subsubsection*.8}% 9
\BOOKMARK [4][-]{paragraph*.18}{\376\377\000D\000a\000t\000a\000b\000a\000s\000e\000\040\000P\000o\000s\000t\000g\000r\000e\000s\000\040\000M\000o\000d\000u\000l\000e}{subsubsection*.8}% 10
\BOOKMARK [3][-]{subsubsection*.31}{\376\377\000E\000S\000G\000\040\000R\000e\000p\000o\000r\000t\000s\000\040\000P\000a\000c\000k\000a\000g\000e}{subsection.3.1.1}% 11
\BOOKMARK [4][-]{paragraph*.32}{\376\377\000E\000S\000G\000\040\000R\000e\000p\000o\000r\000t\000s\000\040\000S\000e\000a\000r\000c\000h\000\040\000M\000o\000d\000u\000l\000e}{subsubsection*.31}% 12
\BOOKMARK [4][-]{paragraph*.39}{\376\377\000E\000S\000G\000\040\000R\000e\000p\000o\000r\000t\000s\000\040\000V\000a\000l\000i\000d\000a\000t\000e\000\040\000M\000o\000d\000u\000l\000e}{subsubsection*.31}% 13
\BOOKMARK [3][-]{subsubsection*.48}{\376\377\000U\000t\000i\000l\000s\000\040\000P\000a\000c\000k\000a\000g\000e}{subsection.3.1.1}% 14
\BOOKMARK [4][-]{paragraph*.49}{\376\377\000U\000t\000i\000l\000s\000\040\000D\000a\000t\000a\000\040\000M\000o\000d\000u\000l\000e}{subsubsection*.48}% 15
\BOOKMARK [4][-]{paragraph*.51}{\376\377\000U\000t\000i\000l\000s\000\040\000S\000e\000a\000r\000c\000h\000\040\000M\000o\000d\000u\000l\000e}{subsubsection*.48}% 16
\BOOKMARK [1][-]{section.3.2}{\376\377\000c\000o\000n\000f\000i\000g}{chapter.3}% 17
\BOOKMARK [2][-]{subsection.3.2.1}{\376\377\000D\000a\000t\000a\000b\000a\000s\000e\000\040\000S\000e\000t\000t\000i\000n\000g\000s\000\040\000M\000o\000d\000u\000l\000e}{section.3.2}% 18
\BOOKMARK [2][-]{subsection.3.2.2}{\376\377\000S\000e\000a\000r\000c\000h\000\040\000S\000e\000t\000t\000i\000n\000g\000s\000\040\000M\000o\000d\000u\000l\000e}{section.3.2}% 19
\BOOKMARK [0][-]{chapter.4}{\376\377\000I\000n\000d\000i\000c\000e\000s\000\040\000a\000n\000d\000\040\000T\000a\000b\000l\000e\000s}{}% 20
\BOOKMARK [0][-]{section*.55}{\376\377\000P\000y\000t\000h\000o\000n\000\040\000M\000o\000d\000u\000l\000e\000\040\000I\000n\000d\000e\000x}{}% 21
\BOOKMARK [0][-]{section*.56}{\376\377\000I\000n\000d\000e\000x}{}% 22
